<?xml version="1.0" encoding="UTF-8"?>
<!-- Generated by org.testng.reporters.JUnitXMLReporter -->
<testsuite hostname="Pratyushs-MacBook-Pro.local" ignored="0" name="Command line test" tests="10" failures="0" timestamp="11 Dec 2018 20:42:36 GMT" time="0.095" errors="0">
  <testcase name="@BeforeMethod setUp" time="0.071" classname="com.backbase.automation.ui.basetest.TestBase">
    <failure type="java.lang.IllegalStateException" message="The driver is not executable: /Users/photosapi/BackBaseHomeTest-Pratyush/BackBaseTest/BackBaseTest/src/main/resources/bin/macosx/chromedriver">
      <![CDATA[java.lang.IllegalStateException: The driver is not executable: /Users/photosapi/BackBaseHomeTest-Pratyush/BackBaseTest/BackBaseTest/src/main/resources/bin/macosx/chromedriver
	at com.google.common.base.Preconditions.checkState(Preconditions.java:518)
	at org.openqa.selenium.remote.service.DriverService.checkExecutable(DriverService.java:140)
	at org.openqa.selenium.remote.service.DriverService.findExecutable(DriverService.java:131)
	at org.openqa.selenium.chrome.ChromeDriverService.access$000(ChromeDriverService.java:32)
	at org.openqa.selenium.chrome.ChromeDriverService$Builder.findDefaultExecutable(ChromeDriverService.java:137)
	at org.openqa.selenium.remote.service.DriverService$Builder.build(DriverService.java:330)
	at org.openqa.selenium.chrome.ChromeDriverService.createDefaultService(ChromeDriverService.java:88)
	at org.openqa.selenium.chrome.ChromeDriver.<init>(ChromeDriver.java:124)
	at com.backbase.automation.ui.basetest.TestBase.initialization(TestBase.java:53)
	at com.backbase.automation.ui.basetest.TestBase.setUp(TestBase.java:92)
... Removed 37 stack frames]]>
    </failure>
  </testcase> <!-- @BeforeMethod setUp -->
  <testcase name="@BeforeMethod setUp" time="0.0" classname="com.backbase.automation.ui.basetest.TestBase">
    <skipped/>
  </testcase> <!-- @BeforeMethod setUp -->
  <testcase name="@BeforeMethod setUp" time="0.0" classname="com.backbase.automation.ui.basetest.TestBase">
    <skipped/>
  </testcase> <!-- @BeforeMethod setUp -->
  <testcase name="@BeforeMethod setUp" time="0.0" classname="com.backbase.automation.ui.basetest.TestBase">
    <skipped/>
  </testcase> <!-- @BeforeMethod setUp -->
  <testcase name="@BeforeMethod setUp" time="0.0" classname="com.backbase.automation.ui.basetest.TestBase">
    <skipped/>
  </testcase> <!-- @BeforeMethod setUp -->
  <testcase name="@BeforeMethod setUp" time="0.0" classname="com.backbase.automation.ui.basetest.TestBase">
    <skipped/>
  </testcase> <!-- @BeforeMethod setUp -->
  <testcase name="@BeforeMethod setUp" time="0.0" classname="com.backbase.automation.ui.basetest.TestBase">
    <skipped/>
  </testcase> <!-- @BeforeMethod setUp -->
  <testcase name="@BeforeMethod setUp" time="0.0" classname="com.backbase.automation.ui.basetest.TestBase">
    <skipped/>
  </testcase> <!-- @BeforeMethod setUp -->
  <testcase name="@BeforeMethod setUp" time="0.0" classname="com.backbase.automation.ui.basetest.TestBase">
    <skipped/>
  </testcase> <!-- @BeforeMethod setUp -->
  <testcase name="@BeforeMethod setUp" time="0.0" classname="com.backbase.automation.ui.basetest.TestBase">
    <skipped/>
  </testcase> <!-- @BeforeMethod setUp -->
  <testcase name="createReadAndDeleteComputerFromDatabase" time="0.0" classname="com.backbase.automation.testcases.BackBaseCRUDTest">
    <skipped/>
  </testcase> <!-- createReadAndDeleteComputerFromDatabase -->
  <testcase name="cancelCreationOfComputerFromDatabase" time="0.0" classname="com.backbase.automation.testcases.BackBaseEdgeTest">
    <skipped/>
  </testcase> <!-- cancelCreationOfComputerFromDatabase -->
  <testcase name="updateAndReadComputerFromDatabase" time="0.0" classname="com.backbase.automation.testcases.BackBaseCRUDTest">
    <skipped/>
  </testcase> <!-- updateAndReadComputerFromDatabase -->
  <testcase name="checkCreationOfComputerWithoutComputerNameFromDatabase" time="0.0" classname="com.backbase.automation.testcases.BackBaseEdgeTest">
    <skipped/>
  </testcase> <!-- checkCreationOfComputerWithoutComputerNameFromDatabase -->
  <testcase name="creatReadUpdateAndDeleteComputerFromDatabase" time="0.0" classname="com.backbase.automation.testcases.BackBaseCRUDTest">
    <skipped/>
  </testcase> <!-- creatReadUpdateAndDeleteComputerFromDatabase -->
  <testcase name="createAndReadComputerWithOnlyComputerNameFromDatabase" time="0.0" classname="com.backbase.automation.testcases.BackBaseEdgeTest">
    <skipped/>
  </testcase> <!-- createAndReadComputerWithOnlyComputerNameFromDatabase -->
  <testcase name="createAndReadComputerWithoutDatesToDatabase" time="0.0" classname="com.backbase.automation.testcases.BackBaseEdgeTest">
    <skipped/>
  </testcase> <!-- createAndReadComputerWithoutDatesToDatabase -->
  <testcase name="cancelUpdateComputerFromDatabase" time="0.0" classname="com.backbase.automation.testcases.BackBaseEdgeTest">
    <skipped/>
  </testcase> <!-- cancelUpdateComputerFromDatabase -->
  <testcase name="checkSavingDuplicateComputersToDatabase" time="0.0" classname="com.backbase.automation.testcases.BackBaseEdgeTest">
    <skipped/>
  </testcase> <!-- checkSavingDuplicateComputersToDatabase -->
  <testcase name="checkUpdateComputerByRemovingComputerNameFromDatabase" time="0.0" classname="com.backbase.automation.testcases.BackBaseEdgeTest">
    <skipped/>
  </testcase> <!-- checkUpdateComputerByRemovingComputerNameFromDatabase -->
</testsuite> <!-- Command line test -->
