<!DOCTYPE html PUBLIC "-//W3C//DTD XHTML 1.1//EN" "http://www.w3.org/TR/xhtml11/DTD/xhtml11.dtd">
<html xmlns="http://www.w3.org/1999/xhtml"><head><title>TestNG Report</title><style type="text/css">table {margin-bottom:10px;border-collapse:collapse;empty-cells:show}th,td {border:1px solid #009;padding:.25em .5em}th {vertical-align:bottom}td {vertical-align:top}table a {font-weight:bold}.stripe td {background-color: #E6EBF9}.num {text-align:right}.passedodd td {background-color: #3F3}.passedeven td {background-color: #0A0}.skippedodd td {background-color: #DDD}.skippedeven td {background-color: #CCC}.failedodd td,.attn {background-color: #F33}.failedeven td,.stripe .attn {background-color: #D00}.stacktrace {white-space:pre;font-family:monospace}.totop {font-size:85%;text-align:center;border-bottom:2px solid #000}</style></head><body><table><tr><th>Test</th><th># Passed</th><th># Skipped</th><th># Failed</th><th>Time (ms)</th><th>Included Groups</th><th>Excluded Groups</th></tr><tr><th colspan="7">Command line suite</th></tr><tr><td><a href="#t0">Command line test</a></td><td class="num">0</td><td class="num attn">10</td><td class="num">0</td><td class="num">95</td><td></td><td></td></tr></table><table id='summary'><thead><tr><th>Class</th><th>Method</th><th>Start</th><th>Time (ms)</th></tr></thead><tbody><tr><th colspan="4">Command line suite</th></tr></tbody><tbody id="t0"><tr><th colspan="4">Command line test &#8212; failed (configuration methods)</th></tr><tr class="failedeven"><td rowspan="1">com.backbase.automation.testcases.BackBaseCRUDTest</td><td><a href="#m0">setUp</a></td><td rowspan="1">1544560951719</td><td rowspan="1">71</td></tr><tr><th colspan="4">Command line test &#8212; skipped (configuration methods)</th></tr><tr class="skippedeven"><td rowspan="2">com.backbase.automation.testcases.BackBaseCRUDTest</td><td><a href="#m1">setUp</a></td><td rowspan="2">1544560951796</td><td rowspan="2">0</td></tr><tr class="skippedeven"><td><a href="#m2">setUp</a></td></tr><tr class="skippedodd"><td rowspan="7">com.backbase.automation.testcases.BackBaseEdgeTest</td><td><a href="#m3">setUp</a></td><td rowspan="7">1544560951796</td><td rowspan="7">0</td></tr><tr class="skippedodd"><td><a href="#m4">setUp</a></td></tr><tr class="skippedodd"><td><a href="#m5">setUp</a></td></tr><tr class="skippedodd"><td><a href="#m6">setUp</a></td></tr><tr class="skippedodd"><td><a href="#m7">setUp</a></td></tr><tr class="skippedodd"><td><a href="#m8">setUp</a></td></tr><tr class="skippedodd"><td><a href="#m9">setUp</a></td></tr><tr><th colspan="4">Command line test &#8212; skipped</th></tr><tr class="skippedeven"><td rowspan="3">com.backbase.automation.testcases.BackBaseCRUDTest</td><td><a href="#m10">creatReadUpdateAndDeleteComputerFromDatabase</a></td><td rowspan="1">1544560951797</td><td rowspan="1">0</td></tr><tr class="skippedeven"><td><a href="#m11">createReadAndDeleteComputerFromDatabase</a></td><td rowspan="1">1544560951793</td><td rowspan="1">0</td></tr><tr class="skippedeven"><td><a href="#m12">updateAndReadComputerFromDatabase</a></td><td rowspan="1">1544560951796</td><td rowspan="1">0</td></tr><tr class="skippedodd"><td rowspan="7">com.backbase.automation.testcases.BackBaseEdgeTest</td><td><a href="#m13">cancelCreationOfComputerFromDatabase</a></td><td rowspan="1">1544560951794</td><td rowspan="1">0</td></tr><tr class="skippedodd"><td><a href="#m14">cancelUpdateComputerFromDatabase</a></td><td rowspan="1">1544560951798</td><td rowspan="1">0</td></tr><tr class="skippedodd"><td><a href="#m15">checkCreationOfComputerWithoutComputerNameFromDatabase</a></td><td rowspan="1">1544560951796</td><td rowspan="1">0</td></tr><tr class="skippedodd"><td><a href="#m16">checkSavingDuplicateComputersToDatabase</a></td><td rowspan="1">1544560951799</td><td rowspan="1">0</td></tr><tr class="skippedodd"><td><a href="#m17">checkUpdateComputerByRemovingComputerNameFromDatabase</a></td><td rowspan="1">1544560951799</td><td rowspan="1">0</td></tr><tr class="skippedodd"><td><a href="#m18">createAndReadComputerWithOnlyComputerNameFromDatabase</a></td><td rowspan="1">1544560951797</td><td rowspan="1">0</td></tr><tr class="skippedodd"><td><a href="#m19">createAndReadComputerWithoutDatesToDatabase</a></td><td rowspan="1">1544560951798</td><td rowspan="1">0</td></tr></tbody></table><h2>Command line test</h2><h3 id="m0">com.backbase.automation.testcases.BackBaseCRUDTest#setUp</h3><table class="result"><tr><th>Exception</th></tr><tr><td><div class="stacktrace">java.lang.IllegalStateException: The driver is not executable: /Users/photosapi/BackBaseHomeTest-Pratyush/BackBaseTest/BackBaseTest/src/main/resources/bin/macosx/chromedriver
	at com.google.common.base.Preconditions.checkState(Preconditions.java:518)
	at org.openqa.selenium.remote.service.DriverService.checkExecutable(DriverService.java:140)
	at org.openqa.selenium.remote.service.DriverService.findExecutable(DriverService.java:131)
	at org.openqa.selenium.chrome.ChromeDriverService.access$000(ChromeDriverService.java:32)
	at org.openqa.selenium.chrome.ChromeDriverService$Builder.findDefaultExecutable(ChromeDriverService.java:137)
	at org.openqa.selenium.remote.service.DriverService$Builder.build(DriverService.java:330)
	at org.openqa.selenium.chrome.ChromeDriverService.createDefaultService(ChromeDriverService.java:88)
	at org.openqa.selenium.chrome.ChromeDriver.&lt;init&gt;(ChromeDriver.java:124)
	at com.backbase.automation.ui.basetest.TestBase.initialization(TestBase.java:53)
	at com.backbase.automation.ui.basetest.TestBase.setUp(TestBase.java:92)
... Removed 37 stack frames</div></td></tr></table><p class="totop"><a href="#summary">back to summary</a></p><h3 id="m1">com.backbase.automation.testcases.BackBaseCRUDTest#setUp</h3><table class="result"></table><p class="totop"><a href="#summary">back to summary</a></p><h3 id="m2">com.backbase.automation.testcases.BackBaseCRUDTest#setUp</h3><table class="result"></table><p class="totop"><a href="#summary">back to summary</a></p><h3 id="m3">com.backbase.automation.testcases.BackBaseEdgeTest#setUp</h3><table class="result"></table><p class="totop"><a href="#summary">back to summary</a></p><h3 id="m4">com.backbase.automation.testcases.BackBaseEdgeTest#setUp</h3><table class="result"></table><p class="totop"><a href="#summary">back to summary</a></p><h3 id="m5">com.backbase.automation.testcases.BackBaseEdgeTest#setUp</h3><table class="result"></table><p class="totop"><a href="#summary">back to summary</a></p><h3 id="m6">com.backbase.automation.testcases.BackBaseEdgeTest#setUp</h3><table class="result"></table><p class="totop"><a href="#summary">back to summary</a></p><h3 id="m7">com.backbase.automation.testcases.BackBaseEdgeTest#setUp</h3><table class="result"></table><p class="totop"><a href="#summary">back to summary</a></p><h3 id="m8">com.backbase.automation.testcases.BackBaseEdgeTest#setUp</h3><table class="result"></table><p class="totop"><a href="#summary">back to summary</a></p><h3 id="m9">com.backbase.automation.testcases.BackBaseEdgeTest#setUp</h3><table class="result"></table><p class="totop"><a href="#summary">back to summary</a></p><h3 id="m10">com.backbase.automation.testcases.BackBaseCRUDTest#creatReadUpdateAndDeleteComputerFromDatabase</h3><table class="result"><tr><th>Exception</th></tr><tr><td><div class="stacktrace">java.lang.IllegalStateException: The driver is not executable: /Users/photosapi/BackBaseHomeTest-Pratyush/BackBaseTest/BackBaseTest/src/main/resources/bin/macosx/chromedriver
	at com.google.common.base.Preconditions.checkState(Preconditions.java:518)
	at org.openqa.selenium.remote.service.DriverService.checkExecutable(DriverService.java:140)
	at org.openqa.selenium.remote.service.DriverService.findExecutable(DriverService.java:131)
	at org.openqa.selenium.chrome.ChromeDriverService.access$000(ChromeDriverService.java:32)
	at org.openqa.selenium.chrome.ChromeDriverService$Builder.findDefaultExecutable(ChromeDriverService.java:137)
	at org.openqa.selenium.remote.service.DriverService$Builder.build(DriverService.java:330)
	at org.openqa.selenium.chrome.ChromeDriverService.createDefaultService(ChromeDriverService.java:88)
	at org.openqa.selenium.chrome.ChromeDriver.&lt;init&gt;(ChromeDriver.java:124)
	at com.backbase.automation.ui.basetest.TestBase.initialization(TestBase.java:53)
	at com.backbase.automation.ui.basetest.TestBase.setUp(TestBase.java:92)
... Removed 37 stack frames</div></td></tr></table><p class="totop"><a href="#summary">back to summary</a></p><h3 id="m11">com.backbase.automation.testcases.BackBaseCRUDTest#createReadAndDeleteComputerFromDatabase</h3><table class="result"><tr><th>Exception</th></tr><tr><td><div class="stacktrace">java.lang.IllegalStateException: The driver is not executable: /Users/photosapi/BackBaseHomeTest-Pratyush/BackBaseTest/BackBaseTest/src/main/resources/bin/macosx/chromedriver
	at com.google.common.base.Preconditions.checkState(Preconditions.java:518)
	at org.openqa.selenium.remote.service.DriverService.checkExecutable(DriverService.java:140)
	at org.openqa.selenium.remote.service.DriverService.findExecutable(DriverService.java:131)
	at org.openqa.selenium.chrome.ChromeDriverService.access$000(ChromeDriverService.java:32)
	at org.openqa.selenium.chrome.ChromeDriverService$Builder.findDefaultExecutable(ChromeDriverService.java:137)
	at org.openqa.selenium.remote.service.DriverService$Builder.build(DriverService.java:330)
	at org.openqa.selenium.chrome.ChromeDriverService.createDefaultService(ChromeDriverService.java:88)
	at org.openqa.selenium.chrome.ChromeDriver.&lt;init&gt;(ChromeDriver.java:124)
	at com.backbase.automation.ui.basetest.TestBase.initialization(TestBase.java:53)
	at com.backbase.automation.ui.basetest.TestBase.setUp(TestBase.java:92)
... Removed 37 stack frames</div></td></tr></table><p class="totop"><a href="#summary">back to summary</a></p><h3 id="m12">com.backbase.automation.testcases.BackBaseCRUDTest#updateAndReadComputerFromDatabase</h3><table class="result"><tr><th>Exception</th></tr><tr><td><div class="stacktrace">java.lang.IllegalStateException: The driver is not executable: /Users/photosapi/BackBaseHomeTest-Pratyush/BackBaseTest/BackBaseTest/src/main/resources/bin/macosx/chromedriver
	at com.google.common.base.Preconditions.checkState(Preconditions.java:518)
	at org.openqa.selenium.remote.service.DriverService.checkExecutable(DriverService.java:140)
	at org.openqa.selenium.remote.service.DriverService.findExecutable(DriverService.java:131)
	at org.openqa.selenium.chrome.ChromeDriverService.access$000(ChromeDriverService.java:32)
	at org.openqa.selenium.chrome.ChromeDriverService$Builder.findDefaultExecutable(ChromeDriverService.java:137)
	at org.openqa.selenium.remote.service.DriverService$Builder.build(DriverService.java:330)
	at org.openqa.selenium.chrome.ChromeDriverService.createDefaultService(ChromeDriverService.java:88)
	at org.openqa.selenium.chrome.ChromeDriver.&lt;init&gt;(ChromeDriver.java:124)
	at com.backbase.automation.ui.basetest.TestBase.initialization(TestBase.java:53)
	at com.backbase.automation.ui.basetest.TestBase.setUp(TestBase.java:92)
... Removed 37 stack frames</div></td></tr></table><p class="totop"><a href="#summary">back to summary</a></p><h3 id="m13">com.backbase.automation.testcases.BackBaseEdgeTest#cancelCreationOfComputerFromDatabase</h3><table class="result"><tr><th>Exception</th></tr><tr><td><div class="stacktrace">java.lang.IllegalStateException: The driver is not executable: /Users/photosapi/BackBaseHomeTest-Pratyush/BackBaseTest/BackBaseTest/src/main/resources/bin/macosx/chromedriver
	at com.google.common.base.Preconditions.checkState(Preconditions.java:518)
	at org.openqa.selenium.remote.service.DriverService.checkExecutable(DriverService.java:140)
	at org.openqa.selenium.remote.service.DriverService.findExecutable(DriverService.java:131)
	at org.openqa.selenium.chrome.ChromeDriverService.access$000(ChromeDriverService.java:32)
	at org.openqa.selenium.chrome.ChromeDriverService$Builder.findDefaultExecutable(ChromeDriverService.java:137)
	at org.openqa.selenium.remote.service.DriverService$Builder.build(DriverService.java:330)
	at org.openqa.selenium.chrome.ChromeDriverService.createDefaultService(ChromeDriverService.java:88)
	at org.openqa.selenium.chrome.ChromeDriver.&lt;init&gt;(ChromeDriver.java:124)
	at com.backbase.automation.ui.basetest.TestBase.initialization(TestBase.java:53)
	at com.backbase.automation.ui.basetest.TestBase.setUp(TestBase.java:92)
... Removed 37 stack frames</div></td></tr></table><p class="totop"><a href="#summary">back to summary</a></p><h3 id="m14">com.backbase.automation.testcases.BackBaseEdgeTest#cancelUpdateComputerFromDatabase</h3><table class="result"><tr><th>Exception</th></tr><tr><td><div class="stacktrace">java.lang.IllegalStateException: The driver is not executable: /Users/photosapi/BackBaseHomeTest-Pratyush/BackBaseTest/BackBaseTest/src/main/resources/bin/macosx/chromedriver
	at com.google.common.base.Preconditions.checkState(Preconditions.java:518)
	at org.openqa.selenium.remote.service.DriverService.checkExecutable(DriverService.java:140)
	at org.openqa.selenium.remote.service.DriverService.findExecutable(DriverService.java:131)
	at org.openqa.selenium.chrome.ChromeDriverService.access$000(ChromeDriverService.java:32)
	at org.openqa.selenium.chrome.ChromeDriverService$Builder.findDefaultExecutable(ChromeDriverService.java:137)
	at org.openqa.selenium.remote.service.DriverService$Builder.build(DriverService.java:330)
	at org.openqa.selenium.chrome.ChromeDriverService.createDefaultService(ChromeDriverService.java:88)
	at org.openqa.selenium.chrome.ChromeDriver.&lt;init&gt;(ChromeDriver.java:124)
	at com.backbase.automation.ui.basetest.TestBase.initialization(TestBase.java:53)
	at com.backbase.automation.ui.basetest.TestBase.setUp(TestBase.java:92)
... Removed 37 stack frames</div></td></tr></table><p class="totop"><a href="#summary">back to summary</a></p><h3 id="m15">com.backbase.automation.testcases.BackBaseEdgeTest#checkCreationOfComputerWithoutComputerNameFromDatabase</h3><table class="result"><tr><th>Exception</th></tr><tr><td><div class="stacktrace">java.lang.IllegalStateException: The driver is not executable: /Users/photosapi/BackBaseHomeTest-Pratyush/BackBaseTest/BackBaseTest/src/main/resources/bin/macosx/chromedriver
	at com.google.common.base.Preconditions.checkState(Preconditions.java:518)
	at org.openqa.selenium.remote.service.DriverService.checkExecutable(DriverService.java:140)
	at org.openqa.selenium.remote.service.DriverService.findExecutable(DriverService.java:131)
	at org.openqa.selenium.chrome.ChromeDriverService.access$000(ChromeDriverService.java:32)
	at org.openqa.selenium.chrome.ChromeDriverService$Builder.findDefaultExecutable(ChromeDriverService.java:137)
	at org.openqa.selenium.remote.service.DriverService$Builder.build(DriverService.java:330)
	at org.openqa.selenium.chrome.ChromeDriverService.createDefaultService(ChromeDriverService.java:88)
	at org.openqa.selenium.chrome.ChromeDriver.&lt;init&gt;(ChromeDriver.java:124)
	at com.backbase.automation.ui.basetest.TestBase.initialization(TestBase.java:53)
	at com.backbase.automation.ui.basetest.TestBase.setUp(TestBase.java:92)
... Removed 37 stack frames</div></td></tr></table><p class="totop"><a href="#summary">back to summary</a></p><h3 id="m16">com.backbase.automation.testcases.BackBaseEdgeTest#checkSavingDuplicateComputersToDatabase</h3><table class="result"><tr><th>Exception</th></tr><tr><td><div class="stacktrace">java.lang.IllegalStateException: The driver is not executable: /Users/photosapi/BackBaseHomeTest-Pratyush/BackBaseTest/BackBaseTest/src/main/resources/bin/macosx/chromedriver
	at com.google.common.base.Preconditions.checkState(Preconditions.java:518)
	at org.openqa.selenium.remote.service.DriverService.checkExecutable(DriverService.java:140)
	at org.openqa.selenium.remote.service.DriverService.findExecutable(DriverService.java:131)
	at org.openqa.selenium.chrome.ChromeDriverService.access$000(ChromeDriverService.java:32)
	at org.openqa.selenium.chrome.ChromeDriverService$Builder.findDefaultExecutable(ChromeDriverService.java:137)
	at org.openqa.selenium.remote.service.DriverService$Builder.build(DriverService.java:330)
	at org.openqa.selenium.chrome.ChromeDriverService.createDefaultService(ChromeDriverService.java:88)
	at org.openqa.selenium.chrome.ChromeDriver.&lt;init&gt;(ChromeDriver.java:124)
	at com.backbase.automation.ui.basetest.TestBase.initialization(TestBase.java:53)
	at com.backbase.automation.ui.basetest.TestBase.setUp(TestBase.java:92)
... Removed 37 stack frames</div></td></tr></table><p class="totop"><a href="#summary">back to summary</a></p><h3 id="m17">com.backbase.automation.testcases.BackBaseEdgeTest#checkUpdateComputerByRemovingComputerNameFromDatabase</h3><table class="result"><tr><th>Exception</th></tr><tr><td><div class="stacktrace">java.lang.IllegalStateException: The driver is not executable: /Users/photosapi/BackBaseHomeTest-Pratyush/BackBaseTest/BackBaseTest/src/main/resources/bin/macosx/chromedriver
	at com.google.common.base.Preconditions.checkState(Preconditions.java:518)
	at org.openqa.selenium.remote.service.DriverService.checkExecutable(DriverService.java:140)
	at org.openqa.selenium.remote.service.DriverService.findExecutable(DriverService.java:131)
	at org.openqa.selenium.chrome.ChromeDriverService.access$000(ChromeDriverService.java:32)
	at org.openqa.selenium.chrome.ChromeDriverService$Builder.findDefaultExecutable(ChromeDriverService.java:137)
	at org.openqa.selenium.remote.service.DriverService$Builder.build(DriverService.java:330)
	at org.openqa.selenium.chrome.ChromeDriverService.createDefaultService(ChromeDriverService.java:88)
	at org.openqa.selenium.chrome.ChromeDriver.&lt;init&gt;(ChromeDriver.java:124)
	at com.backbase.automation.ui.basetest.TestBase.initialization(TestBase.java:53)
	at com.backbase.automation.ui.basetest.TestBase.setUp(TestBase.java:92)
... Removed 37 stack frames</div></td></tr></table><p class="totop"><a href="#summary">back to summary</a></p><h3 id="m18">com.backbase.automation.testcases.BackBaseEdgeTest#createAndReadComputerWithOnlyComputerNameFromDatabase</h3><table class="result"><tr><th>Exception</th></tr><tr><td><div class="stacktrace">java.lang.IllegalStateException: The driver is not executable: /Users/photosapi/BackBaseHomeTest-Pratyush/BackBaseTest/BackBaseTest/src/main/resources/bin/macosx/chromedriver
	at com.google.common.base.Preconditions.checkState(Preconditions.java:518)
	at org.openqa.selenium.remote.service.DriverService.checkExecutable(DriverService.java:140)
	at org.openqa.selenium.remote.service.DriverService.findExecutable(DriverService.java:131)
	at org.openqa.selenium.chrome.ChromeDriverService.access$000(ChromeDriverService.java:32)
	at org.openqa.selenium.chrome.ChromeDriverService$Builder.findDefaultExecutable(ChromeDriverService.java:137)
	at org.openqa.selenium.remote.service.DriverService$Builder.build(DriverService.java:330)
	at org.openqa.selenium.chrome.ChromeDriverService.createDefaultService(ChromeDriverService.java:88)
	at org.openqa.selenium.chrome.ChromeDriver.&lt;init&gt;(ChromeDriver.java:124)
	at com.backbase.automation.ui.basetest.TestBase.initialization(TestBase.java:53)
	at com.backbase.automation.ui.basetest.TestBase.setUp(TestBase.java:92)
... Removed 37 stack frames</div></td></tr></table><p class="totop"><a href="#summary">back to summary</a></p><h3 id="m19">com.backbase.automation.testcases.BackBaseEdgeTest#createAndReadComputerWithoutDatesToDatabase</h3><table class="result"><tr><th>Exception</th></tr><tr><td><div class="stacktrace">java.lang.IllegalStateException: The driver is not executable: /Users/photosapi/BackBaseHomeTest-Pratyush/BackBaseTest/BackBaseTest/src/main/resources/bin/macosx/chromedriver
	at com.google.common.base.Preconditions.checkState(Preconditions.java:518)
	at org.openqa.selenium.remote.service.DriverService.checkExecutable(DriverService.java:140)
	at org.openqa.selenium.remote.service.DriverService.findExecutable(DriverService.java:131)
	at org.openqa.selenium.chrome.ChromeDriverService.access$000(ChromeDriverService.java:32)
	at org.openqa.selenium.chrome.ChromeDriverService$Builder.findDefaultExecutable(ChromeDriverService.java:137)
	at org.openqa.selenium.remote.service.DriverService$Builder.build(DriverService.java:330)
	at org.openqa.selenium.chrome.ChromeDriverService.createDefaultService(ChromeDriverService.java:88)
	at org.openqa.selenium.chrome.ChromeDriver.&lt;init&gt;(ChromeDriver.java:124)
	at com.backbase.automation.ui.basetest.TestBase.initialization(TestBase.java:53)
	at com.backbase.automation.ui.basetest.TestBase.setUp(TestBase.java:92)
... Removed 37 stack frames</div></td></tr></table><p class="totop"><a href="#summary">back to summary</a></p></body></html>