<?xml version="1.0" encoding="UTF-8" ?>
<testsuite tests="20" failures="1" name="TestSuite" time="5.711" errors="0" skipped="19">
  <properties>
    <property name="java.runtime.name" value="Java(TM) SE Runtime Environment"/>
    <property name="sun.boot.library.path" value="/Library/Java/JavaVirtualMachines/jdk1.8.0_161.jdk/Contents/Home/jre/lib"/>
    <property name="java.vm.version" value="25.161-b12"/>
    <property name="gopherProxySet" value="false"/>
    <property name="java.vm.vendor" value="Oracle Corporation"/>
    <property name="maven.multiModuleProjectDirectory" value="/Users/photosapi/BackBaseHomeTest-Pratyush/BackBaseTest/BackBaseTest"/>
    <property name="java.vendor.url" value="http://java.oracle.com/"/>
    <property name="path.separator" value=":"/>
    <property name="guice.disable.misplaced.annotation.check" value="true"/>
    <property name="java.vm.name" value="Java HotSpot(TM) 64-Bit Server VM"/>
    <property name="file.encoding.pkg" value="sun.io"/>
    <property name="user.country" value="IN"/>
    <property name="sun.java.launcher" value="SUN_STANDARD"/>
    <property name="sun.os.patch.level" value="unknown"/>
    <property name="java.vm.specification.name" value="Java Virtual Machine Specification"/>
    <property name="user.dir" value="/Users/photosapi/BackBaseHomeTest-Pratyush/BackBaseTest/BackBaseTest"/>
    <property name="java.runtime.version" value="1.8.0_161-b12"/>
    <property name="java.awt.graphicsenv" value="sun.awt.CGraphicsEnvironment"/>
    <property name="java.endorsed.dirs" value="/Library/Java/JavaVirtualMachines/jdk1.8.0_161.jdk/Contents/Home/jre/lib/endorsed"/>
    <property name="os.arch" value="x86_64"/>
    <property name="java.io.tmpdir" value="/var/folders/nq/7pc23s853wn_m4t_n5_9lvzr0000gn/T/"/>
    <property name="line.separator" value="
"/>
    <property name="java.vm.specification.vendor" value="Oracle Corporation"/>
    <property name="os.name" value="Mac OS X"/>
    <property name="classworlds.conf" value="/Users/photosapi/Eclipse Workspace/.metadata/.plugins/org.eclipse.m2e.launching/launches/m2conf434344653522949358.tmp"/>
    <property name="sun.jnu.encoding" value="UTF-8"/>
    <property name="java.library.path" value="/Users/photosapi/Library/Java/Extensions:/Library/Java/Extensions:/Network/Library/Java/Extensions:/System/Library/Java/Extensions:/usr/lib/java:."/>
    <property name="java.specification.name" value="Java Platform API Specification"/>
    <property name="java.class.version" value="52.0"/>
    <property name="sun.management.compiler" value="HotSpot 64-Bit Tiered Compilers"/>
    <property name="os.version" value="10.14"/>
    <property name="http.nonProxyHosts" value="local|*.local|169.254/16|*.169.254/16"/>
    <property name="user.home" value="/Users/photosapi"/>
    <property name="user.timezone" value="Asia/Kolkata"/>
    <property name="java.awt.printerjob" value="sun.lwawt.macosx.CPrinterJob"/>
    <property name="java.specification.version" value="1.8"/>
    <property name="file.encoding" value="UTF-8"/>
    <property name="user.name" value="photosapi"/>
    <property name="java.class.path" value="/Users/photosapi/Desktop/Eclipse.app/Contents/Eclipse/plugins/org.eclipse.m2e.maven.runtime_1.8.3.20180227-2135/jars/plexus-classworlds-2.5.2.jar"/>
    <property name="java.vm.specification.version" value="1.8"/>
    <property name="sun.arch.data.model" value="64"/>
    <property name="java.home" value="/Library/Java/JavaVirtualMachines/jdk1.8.0_161.jdk/Contents/Home/jre"/>
    <property name="sun.java.command" value="org.codehaus.plexus.classworlds.launcher.Launcher -B install"/>
    <property name="java.specification.vendor" value="Oracle Corporation"/>
    <property name="user.language" value="en"/>
    <property name="awt.toolkit" value="sun.lwawt.macosx.LWCToolkit"/>
    <property name="java.vm.info" value="mixed mode"/>
    <property name="java.version" value="1.8.0_161"/>
    <property name="java.ext.dirs" value="/Users/photosapi/Library/Java/Extensions:/Library/Java/JavaVirtualMachines/jdk1.8.0_161.jdk/Contents/Home/jre/lib/ext:/Library/Java/Extensions:/Network/Library/Java/Extensions:/System/Library/Java/Extensions:/usr/lib/java"/>
    <property name="sun.boot.class.path" value="/Library/Java/JavaVirtualMachines/jdk1.8.0_161.jdk/Contents/Home/jre/lib/resources.jar:/Library/Java/JavaVirtualMachines/jdk1.8.0_161.jdk/Contents/Home/jre/lib/rt.jar:/Library/Java/JavaVirtualMachines/jdk1.8.0_161.jdk/Contents/Home/jre/lib/sunrsasign.jar:/Library/Java/JavaVirtualMachines/jdk1.8.0_161.jdk/Contents/Home/jre/lib/jsse.jar:/Library/Java/JavaVirtualMachines/jdk1.8.0_161.jdk/Contents/Home/jre/lib/jce.jar:/Library/Java/JavaVirtualMachines/jdk1.8.0_161.jdk/Contents/Home/jre/lib/charsets.jar:/Library/Java/JavaVirtualMachines/jdk1.8.0_161.jdk/Contents/Home/jre/lib/jfr.jar:/Library/Java/JavaVirtualMachines/jdk1.8.0_161.jdk/Contents/Home/jre/classes"/>
    <property name="java.vendor" value="Oracle Corporation"/>
    <property name="maven.home" value="/Users/photosapi/BackBaseHomeTest-Pratyush/BackBaseTest/BackBaseTest/EMBEDDED"/>
    <property name="file.separator" value="/"/>
    <property name="java.vendor.url.bug" value="http://bugreport.sun.com/bugreport/"/>
    <property name="sun.cpu.endian" value="little"/>
    <property name="sun.io.unicode.encoding" value="UnicodeBig"/>
    <property name="socksNonProxyHosts" value="local|*.local|169.254/16|*.169.254/16"/>
    <property name="ftp.nonProxyHosts" value="local|*.local|169.254/16|*.169.254/16"/>
    <property name="sun.cpu.isalist" value=""/>
  </properties>
  <testcase classname="com.backbase.automation.testcases.BackBaseCRUDTest" name="setUp" time="0.284">
    <failure message="The driver is not executable: /Users/photosapi/BackBaseHomeTest-Pratyush/BackBaseTest/BackBaseTest/src/main/resources/bin/macosx/chromedriver" type="java.lang.IllegalStateException">java.lang.IllegalStateException: The driver is not executable: /Users/photosapi/BackBaseHomeTest-Pratyush/BackBaseTest/BackBaseTest/src/main/resources/bin/macosx/chromedriver
	at com.google.common.base.Preconditions.checkState(Preconditions.java:518)
	at org.openqa.selenium.remote.service.DriverService.checkExecutable(DriverService.java:140)
	at org.openqa.selenium.remote.service.DriverService.findExecutable(DriverService.java:131)
	at org.openqa.selenium.chrome.ChromeDriverService.access$000(ChromeDriverService.java:32)
	at org.openqa.selenium.chrome.ChromeDriverService$Builder.findDefaultExecutable(ChromeDriverService.java:137)
	at org.openqa.selenium.remote.service.DriverService$Builder.build(DriverService.java:330)
	at org.openqa.selenium.chrome.ChromeDriverService.createDefaultService(ChromeDriverService.java:88)
	at org.openqa.selenium.chrome.ChromeDriver.&lt;init&gt;(ChromeDriver.java:124)
	at com.backbase.automation.ui.basetest.TestBase.initialization(TestBase.java:53)
	at com.backbase.automation.ui.basetest.TestBase.setUp(TestBase.java:92)
	at sun.reflect.NativeMethodAccessorImpl.invoke0(Native Method)
	at sun.reflect.NativeMethodAccessorImpl.invoke(NativeMethodAccessorImpl.java:62)
	at sun.reflect.DelegatingMethodAccessorImpl.invoke(DelegatingMethodAccessorImpl.java:43)
	at java.lang.reflect.Method.invoke(Method.java:498)
	at org.testng.internal.MethodInvocationHelper.invokeMethod(MethodInvocationHelper.java:108)
	at org.testng.internal.Invoker.invokeConfigurationMethod(Invoker.java:523)
	at org.testng.internal.Invoker.invokeConfigurations(Invoker.java:224)
	at org.testng.internal.Invoker.invokeMethod(Invoker.java:599)
	at org.testng.internal.Invoker.invokeTestMethod(Invoker.java:869)
	at org.testng.internal.Invoker.invokeTestMethods(Invoker.java:1193)
	at org.testng.internal.TestMethodWorker.invokeTestMethods(TestMethodWorker.java:126)
	at org.testng.internal.TestMethodWorker.run(TestMethodWorker.java:109)
	at org.testng.TestRunner.privateRun(TestRunner.java:744)
	at org.testng.TestRunner.run(TestRunner.java:602)
	at org.testng.SuiteRunner.runTest(SuiteRunner.java:380)
	at org.testng.SuiteRunner.runSequentially(SuiteRunner.java:375)
	at org.testng.SuiteRunner.privateRun(SuiteRunner.java:340)
	at org.testng.SuiteRunner.run(SuiteRunner.java:289)
	at org.testng.SuiteRunnerWorker.runSuite(SuiteRunnerWorker.java:52)
	at org.testng.SuiteRunnerWorker.run(SuiteRunnerWorker.java:86)
	at org.testng.TestNG.runSuitesSequentially(TestNG.java:1301)
	at org.testng.TestNG.runSuitesLocally(TestNG.java:1226)
	at org.testng.TestNG.runSuites(TestNG.java:1144)
	at org.testng.TestNG.run(TestNG.java:1115)
	at org.apache.maven.surefire.testng.TestNGExecutor.run(TestNGExecutor.java:77)
	at org.apache.maven.surefire.testng.TestNGDirectoryTestSuite.executeMulti(TestNGDirectoryTestSuite.java:159)
	at org.apache.maven.surefire.testng.TestNGDirectoryTestSuite.execute(TestNGDirectoryTestSuite.java:99)
	at org.apache.maven.surefire.testng.TestNGProvider.invoke(TestNGProvider.java:106)
	at sun.reflect.NativeMethodAccessorImpl.invoke0(Native Method)
	at sun.reflect.NativeMethodAccessorImpl.invoke(NativeMethodAccessorImpl.java:62)
	at sun.reflect.DelegatingMethodAccessorImpl.invoke(DelegatingMethodAccessorImpl.java:43)
	at java.lang.reflect.Method.invoke(Method.java:498)
	at org.apache.maven.surefire.util.ReflectionUtils.invokeMethodWithArray(ReflectionUtils.java:189)
	at org.apache.maven.surefire.booter.ProviderFactory$ProviderProxy.invoke(ProviderFactory.java:165)
	at org.apache.maven.surefire.booter.ProviderFactory.invokeProvider(ProviderFactory.java:85)
	at org.apache.maven.surefire.booter.ForkedBooter.runSuitesInProcess(ForkedBooter.java:115)
	at org.apache.maven.surefire.booter.ForkedBooter.main(ForkedBooter.java:75)
</failure>
    <system-out>Configuring TestNG with: org.apache.maven.surefire.testng.conf.TestNG652Configurator@2f333739
</system-out>
  </testcase>
  <testcase classname="com.backbase.automation.testcases.BackBaseCRUDTest" name="createReadAndDeleteComputerFromDatabase" time="0.285">
    <skipped/>
  </testcase>
  <testcase classname="com.backbase.automation.testcases.BackBaseEdgeTest" name="setUp" time="0.285">
    <skipped/>
  </testcase>
  <testcase classname="com.backbase.automation.testcases.BackBaseEdgeTest" name="cancelCreationOfComputerFromDatabase" time="0.285">
    <skipped/>
  </testcase>
  <testcase classname="com.backbase.automation.testcases.BackBaseCRUDTest" name="setUp" time="0.285">
    <skipped/>
  </testcase>
  <testcase classname="com.backbase.automation.testcases.BackBaseCRUDTest" name="updateAndReadComputerFromDatabase" time="0.285">
    <skipped/>
  </testcase>
  <testcase classname="com.backbase.automation.testcases.BackBaseEdgeTest" name="setUp" time="0.285">
    <skipped/>
  </testcase>
  <testcase classname="com.backbase.automation.testcases.BackBaseEdgeTest" name="checkCreationOfComputerWithoutComputerNameFromDatabase" time="0.285">
    <skipped/>
  </testcase>
  <testcase classname="com.backbase.automation.testcases.BackBaseCRUDTest" name="setUp" time="0.285">
    <skipped/>
  </testcase>
  <testcase classname="com.backbase.automation.testcases.BackBaseCRUDTest" name="creatReadUpdateAndDeleteComputerFromDatabase" time="0.285">
    <skipped/>
  </testcase>
  <testcase classname="com.backbase.automation.testcases.BackBaseEdgeTest" name="setUp" time="0.285">
    <skipped/>
  </testcase>
  <testcase classname="com.backbase.automation.testcases.BackBaseEdgeTest" name="createAndReadComputerWithOnlyComputerNameFromDatabase" time="0.285">
    <skipped/>
  </testcase>
  <testcase classname="com.backbase.automation.testcases.BackBaseEdgeTest" name="setUp" time="0.286">
    <skipped/>
  </testcase>
  <testcase classname="com.backbase.automation.testcases.BackBaseEdgeTest" name="createAndReadComputerWithoutDatesToDatabase" time="0.286">
    <skipped/>
  </testcase>
  <testcase classname="com.backbase.automation.testcases.BackBaseEdgeTest" name="setUp" time="0.286">
    <skipped/>
  </testcase>
  <testcase classname="com.backbase.automation.testcases.BackBaseEdgeTest" name="cancelUpdateComputerFromDatabase" time="0.286">
    <skipped/>
  </testcase>
  <testcase classname="com.backbase.automation.testcases.BackBaseEdgeTest" name="setUp" time="0.287">
    <skipped/>
  </testcase>
  <testcase classname="com.backbase.automation.testcases.BackBaseEdgeTest" name="checkSavingDuplicateComputersToDatabase" time="0.287">
    <skipped/>
  </testcase>
  <testcase classname="com.backbase.automation.testcases.BackBaseEdgeTest" name="setUp" time="0.287">
    <skipped/>
  </testcase>
  <testcase classname="com.backbase.automation.testcases.BackBaseEdgeTest" name="checkUpdateComputerByRemovingComputerNameFromDatabase" time="0.287">
    <skipped/>
  </testcase>
</testsuite>